Copyright 1986-2022 Xilinx, Inc. All Rights Reserved. Copyright 2022-2023 Advanced Micro Devices, Inc. All Rights Reserved.
---------------------------------------------------------------------------------------------------------------------------------------------
| Tool Version : Vivado v.2023.1.1 (lin64) Build 3900603 Fri Jun 16 19:30:25 MDT 2023
| Date         : Wed Mar 27 19:12:19 2024
| Host         : Hephaestion running 64-bit Ubuntu 23.10
| Command      : upgrade_ip
| Device       : xc7z020clg400-1
---------------------------------------------------------------------------------------------------------------------------------------------

Upgrade Log for IP 'system_with_simple_alu_simple_alu_0_1'

1. Summary
----------

SUCCESS in the upgrade of system_with_simple_alu_simple_alu_0_1 (cristi.ro:cristi:simple_alu:0.1.0) from (Rev. 4) to (Rev. 5)






Copyright 1986-2022 Xilinx, Inc. All Rights Reserved. Copyright 2022-2023 Advanced Micro Devices, Inc. All Rights Reserved.
---------------------------------------------------------------------------------------------------------------------------------------------
| Tool Version : Vivado v.2023.1.1 (lin64) Build 3900603 Fri Jun 16 19:30:25 MDT 2023
| Date         : Wed Mar 27 19:00:49 2024
| Host         : Hephaestion running 64-bit Ubuntu 23.10
| Command      : upgrade_ip
| Device       : xc7z020clg400-1
---------------------------------------------------------------------------------------------------------------------------------------------

Upgrade Log for IP 'system_with_simple_alu_simple_alu_0_1'

1. Summary
----------

SUCCESS in the upgrade of system_with_simple_alu_simple_alu_0_1 (cristi.ro:cristi:simple_alu:0.1.0) from (Rev. 3) to (Rev. 4)






Copyright 1986-2022 Xilinx, Inc. All Rights Reserved. Copyright 2022-2023 Advanced Micro Devices, Inc. All Rights Reserved.
---------------------------------------------------------------------------------------------------------------------------------------------
| Tool Version : Vivado v.2023.1.1 (lin64) Build 3900603 Fri Jun 16 19:30:25 MDT 2023
| Date         : Wed Mar 27 18:43:43 2024
| Host         : Hephaestion running 64-bit Ubuntu 23.10
| Command      : upgrade_ip
| Device       : xc7z020clg400-1
---------------------------------------------------------------------------------------------------------------------------------------------

Upgrade Log for IP 'system_with_simple_alu_simple_alu_0_1'

1. Summary
----------

SUCCESS in the upgrade of system_with_simple_alu_simple_alu_0_1 (cristi.ro:cristi:simple_alu:0.1.0) from (Rev. 2) to (Rev. 3)

