
*** Running vivado
    with args -log uart_rx_design_led_ctrl_0_0.vds -m64 -product Vivado -mode batch -messageDb vivado.pb -notrace -source uart_rx_design_led_ctrl_0_0.tcl


****** Vivado v2023.1.1 (64-bit)
  **** SW Build 3900603 on Fri Jun 16 19:30:25 MDT 2023
  **** IP Build 3900379 on Sat Jun 17 05:28:05 MDT 2023
  **** SharedData Build 3899622 on Fri Jun 16 03:34:24 MDT 2023
    ** Copyright 1986-2022 Xilinx, Inc. All Rights Reserved.
    ** Copyright 2022-2023 Advanced Micro Devices, Inc. All Rights Reserved.

source uart_rx_design_led_ctrl_0_0.tcl -notrace
create_project: Time (s): cpu = 00:00:07 ; elapsed = 00:00:07 . Memory (MB): peak = 1345.895 ; gain = 0.027 ; free physical = 913 ; free virtual = 14529
INFO: [IP_Flow 19-234] Refreshing IP repositories
INFO: [IP_Flow 19-1704] No user IP repositories specified
INFO: [IP_Flow 19-2313] Loaded Vivado IP repository '/home/cristian/Xilinx/Vivado/2023.1/data/ip'.
INFO: [IP_Flow 19-6924] IPCACHE: Running cache check for IP inst: uart_rx_design_led_ctrl_0_0
Command: synth_design -top uart_rx_design_led_ctrl_0_0 -part xc7a100tcsg324-1 -incremental_mode off -mode out_of_context
Starting synth_design
Attempting to get a license for feature 'Synthesis' and/or device 'xc7a100t'
INFO: [Common 17-349] Got license for feature 'Synthesis' and/or device 'xc7a100t'
INFO: [Device 21-403] Loading part xc7a100tcsg324-1
INFO: [Synth 8-7079] Multithreading enabled for synth_design using a maximum of 4 processes.
INFO: [Synth 8-7078] Launching helper process for spawning children vivado processes
INFO: [Synth 8-7075] Helper process launched with PID 33736
---------------------------------------------------------------------------------
Starting RTL Elaboration : Time (s): cpu = 00:00:04 ; elapsed = 00:00:04 . Memory (MB): peak = 2044.703 ; gain = 378.738 ; free physical = 277 ; free virtual = 12779
---------------------------------------------------------------------------------
INFO: [Synth 8-6157] synthesizing module 'uart_rx_design_led_ctrl_0_0' [/home/cristian/Documents/ACES/RC/assignment-1/assignment-1.gen/sources_1/bd/uart_rx_design/ip/uart_rx_design_led_ctrl_0_0/synth/uart_rx_design_led_ctrl_0_0.v:53]
INFO: [Synth 8-6157] synthesizing module 'led_ctrl' [/home/cristian/Documents/ACES/RC/assignment-1/assignment-1.srcs/sources_1/new/led_ctrl.v:1]
INFO: [Synth 8-6155] done synthesizing module 'led_ctrl' (0#1) [/home/cristian/Documents/ACES/RC/assignment-1/assignment-1.srcs/sources_1/new/led_ctrl.v:1]
INFO: [Synth 8-6155] done synthesizing module 'uart_rx_design_led_ctrl_0_0' (0#1) [/home/cristian/Documents/ACES/RC/assignment-1/assignment-1.gen/sources_1/bd/uart_rx_design/ip/uart_rx_design_led_ctrl_0_0/synth/uart_rx_design_led_ctrl_0_0.v:53]
---------------------------------------------------------------------------------
Finished RTL Elaboration : Time (s): cpu = 00:00:05 ; elapsed = 00:00:05 . Memory (MB): peak = 2109.672 ; gain = 443.707 ; free physical = 240 ; free virtual = 12467
---------------------------------------------------------------------------------
---------------------------------------------------------------------------------
Start Handling Custom Attributes
---------------------------------------------------------------------------------
---------------------------------------------------------------------------------
Finished Handling Custom Attributes : Time (s): cpu = 00:00:05 ; elapsed = 00:00:05 . Memory (MB): peak = 2124.516 ; gain = 458.551 ; free physical = 214 ; free virtual = 12442
---------------------------------------------------------------------------------
---------------------------------------------------------------------------------
Finished RTL Optimization Phase 1 : Time (s): cpu = 00:00:05 ; elapsed = 00:00:05 . Memory (MB): peak = 2124.516 ; gain = 458.551 ; free physical = 214 ; free virtual = 12442
---------------------------------------------------------------------------------
Netlist sorting complete. Time (s): cpu = 00:00:00 ; elapsed = 00:00:00 . Memory (MB): peak = 2124.516 ; gain = 0.000 ; free physical = 214 ; free virtual = 12442
INFO: [Project 1-570] Preparing netlist for logic optimization

Processing XDC Constraints
Initializing timing engine
Completed Processing XDC Constraints

Netlist sorting complete. Time (s): cpu = 00:00:00 ; elapsed = 00:00:00 . Memory (MB): peak = 2234.266 ; gain = 0.000 ; free physical = 303 ; free virtual = 12418
INFO: [Project 1-111] Unisim Transformation Summary:
No Unisim elements were transformed.

Constraint Validation Runtime : Time (s): cpu = 00:00:00.01 ; elapsed = 00:00:00.01 . Memory (MB): peak = 2234.266 ; gain = 0.000 ; free physical = 302 ; free virtual = 12418
INFO: [Designutils 20-5008] Incremental synthesis strategy off
---------------------------------------------------------------------------------
Finished Constraint Validation : Time (s): cpu = 00:00:11 ; elapsed = 00:00:11 . Memory (MB): peak = 2234.266 ; gain = 568.301 ; free physical = 315 ; free virtual = 12370
---------------------------------------------------------------------------------
---------------------------------------------------------------------------------
Start Loading Part and Timing Information
---------------------------------------------------------------------------------
Loading part: xc7a100tcsg324-1
---------------------------------------------------------------------------------
Finished Loading Part and Timing Information : Time (s): cpu = 00:00:11 ; elapsed = 00:00:11 . Memory (MB): peak = 2234.266 ; gain = 568.301 ; free physical = 315 ; free virtual = 12368
---------------------------------------------------------------------------------
---------------------------------------------------------------------------------
Start Applying 'set_property' XDC Constraints
---------------------------------------------------------------------------------
---------------------------------------------------------------------------------
Finished applying 'set_property' XDC Constraints : Time (s): cpu = 00:00:11 ; elapsed = 00:00:11 . Memory (MB): peak = 2234.266 ; gain = 568.301 ; free physical = 315 ; free virtual = 12368
---------------------------------------------------------------------------------
---------------------------------------------------------------------------------
Finished RTL Optimization Phase 2 : Time (s): cpu = 00:00:11 ; elapsed = 00:00:11 . Memory (MB): peak = 2234.266 ; gain = 568.301 ; free physical = 326 ; free virtual = 12372
---------------------------------------------------------------------------------
---------------------------------------------------------------------------------
Start RTL Component Statistics 
---------------------------------------------------------------------------------
Detailed RTL Component Info : 
+---Registers : 
	                8 Bit    Registers := 1     
---------------------------------------------------------------------------------
Finished RTL Component Statistics 
---------------------------------------------------------------------------------
---------------------------------------------------------------------------------
Start Part Resource Summary
---------------------------------------------------------------------------------
Part Resources:
DSPs: 240 (col length:80)
BRAMs: 270 (col length: RAMB18 80 RAMB36 40)
---------------------------------------------------------------------------------
Finished Part Resource Summary
---------------------------------------------------------------------------------
---------------------------------------------------------------------------------
Start Cross Boundary and Area Optimization
---------------------------------------------------------------------------------
WARNING: [Synth 8-7080] Parallel synthesis criteria is not met
---------------------------------------------------------------------------------
Finished Cross Boundary and Area Optimization : Time (s): cpu = 00:00:12 ; elapsed = 00:00:12 . Memory (MB): peak = 2234.266 ; gain = 568.301 ; free physical = 337 ; free virtual = 12378
---------------------------------------------------------------------------------
---------------------------------------------------------------------------------
Start Applying XDC Timing Constraints
---------------------------------------------------------------------------------
---------------------------------------------------------------------------------
Finished Applying XDC Timing Constraints : Time (s): cpu = 00:00:16 ; elapsed = 00:00:16 . Memory (MB): peak = 2234.266 ; gain = 568.301 ; free physical = 477 ; free virtual = 12352
---------------------------------------------------------------------------------
---------------------------------------------------------------------------------
Start Timing Optimization
---------------------------------------------------------------------------------
---------------------------------------------------------------------------------
Finished Timing Optimization : Time (s): cpu = 00:00:16 ; elapsed = 00:00:16 . Memory (MB): peak = 2234.266 ; gain = 568.301 ; free physical = 477 ; free virtual = 12352
---------------------------------------------------------------------------------
---------------------------------------------------------------------------------
Start Technology Mapping
---------------------------------------------------------------------------------
---------------------------------------------------------------------------------
Finished Technology Mapping : Time (s): cpu = 00:00:16 ; elapsed = 00:00:16 . Memory (MB): peak = 2234.266 ; gain = 568.301 ; free physical = 477 ; free virtual = 12352
---------------------------------------------------------------------------------
---------------------------------------------------------------------------------
Start IO Insertion
---------------------------------------------------------------------------------
---------------------------------------------------------------------------------
Start Flattening Before IO Insertion
---------------------------------------------------------------------------------
---------------------------------------------------------------------------------
Finished Flattening Before IO Insertion
---------------------------------------------------------------------------------
---------------------------------------------------------------------------------
Start Final Netlist Cleanup
---------------------------------------------------------------------------------
---------------------------------------------------------------------------------
Finished Final Netlist Cleanup
---------------------------------------------------------------------------------
---------------------------------------------------------------------------------
Finished IO Insertion : Time (s): cpu = 00:00:19 ; elapsed = 00:00:20 . Memory (MB): peak = 2234.266 ; gain = 568.301 ; free physical = 553 ; free virtual = 12351
---------------------------------------------------------------------------------
---------------------------------------------------------------------------------
Start Renaming Generated Instances
---------------------------------------------------------------------------------
---------------------------------------------------------------------------------
Finished Renaming Generated Instances : Time (s): cpu = 00:00:19 ; elapsed = 00:00:20 . Memory (MB): peak = 2234.266 ; gain = 568.301 ; free physical = 553 ; free virtual = 12351
---------------------------------------------------------------------------------
---------------------------------------------------------------------------------
Start Rebuilding User Hierarchy
---------------------------------------------------------------------------------
---------------------------------------------------------------------------------
Finished Rebuilding User Hierarchy : Time (s): cpu = 00:00:19 ; elapsed = 00:00:20 . Memory (MB): peak = 2234.266 ; gain = 568.301 ; free physical = 553 ; free virtual = 12351
---------------------------------------------------------------------------------
---------------------------------------------------------------------------------
Start Renaming Generated Ports
---------------------------------------------------------------------------------
---------------------------------------------------------------------------------
Finished Renaming Generated Ports : Time (s): cpu = 00:00:19 ; elapsed = 00:00:20 . Memory (MB): peak = 2234.266 ; gain = 568.301 ; free physical = 553 ; free virtual = 12351
---------------------------------------------------------------------------------
---------------------------------------------------------------------------------
Start Handling Custom Attributes
---------------------------------------------------------------------------------
---------------------------------------------------------------------------------
Finished Handling Custom Attributes : Time (s): cpu = 00:00:19 ; elapsed = 00:00:20 . Memory (MB): peak = 2234.266 ; gain = 568.301 ; free physical = 553 ; free virtual = 12351
---------------------------------------------------------------------------------
---------------------------------------------------------------------------------
Start Renaming Generated Nets
---------------------------------------------------------------------------------
---------------------------------------------------------------------------------
Finished Renaming Generated Nets : Time (s): cpu = 00:00:19 ; elapsed = 00:00:20 . Memory (MB): peak = 2234.266 ; gain = 568.301 ; free physical = 553 ; free virtual = 12351
---------------------------------------------------------------------------------
---------------------------------------------------------------------------------
Start Writing Synthesis Report
---------------------------------------------------------------------------------

Report BlackBoxes: 
+-+--------------+----------+
| |BlackBox name |Instances |
+-+--------------+----------+
+-+--------------+----------+

Report Cell Usage: 
+------+-----+------+
|      |Cell |Count |
+------+-----+------+
|1     |FDRE |     8|
+------+-----+------+
---------------------------------------------------------------------------------
Finished Writing Synthesis Report : Time (s): cpu = 00:00:19 ; elapsed = 00:00:20 . Memory (MB): peak = 2234.266 ; gain = 568.301 ; free physical = 553 ; free virtual = 12351
---------------------------------------------------------------------------------
Synthesis finished with 0 errors, 0 critical warnings and 1 warnings.
Synthesis Optimization Runtime : Time (s): cpu = 00:00:18 ; elapsed = 00:00:18 . Memory (MB): peak = 2234.266 ; gain = 458.551 ; free physical = 557 ; free virtual = 12355
Synthesis Optimization Complete : Time (s): cpu = 00:00:19 ; elapsed = 00:00:20 . Memory (MB): peak = 2234.266 ; gain = 568.301 ; free physical = 557 ; free virtual = 12355
INFO: [Project 1-571] Translating synthesized netlist
Netlist sorting complete. Time (s): cpu = 00:00:00 ; elapsed = 00:00:00 . Memory (MB): peak = 2234.266 ; gain = 0.000 ; free physical = 556 ; free virtual = 12355
INFO: [Project 1-570] Preparing netlist for logic optimization
INFO: [Opt 31-138] Pushed 0 inverter(s) to 0 load pin(s).
Netlist sorting complete. Time (s): cpu = 00:00:00 ; elapsed = 00:00:00 . Memory (MB): peak = 2234.266 ; gain = 0.000 ; free physical = 845 ; free virtual = 12638
INFO: [Project 1-111] Unisim Transformation Summary:
No Unisim elements were transformed.

Synth Design complete | Checksum: 98ca3d06
INFO: [Common 17-83] Releasing license: Synthesis
21 Infos, 1 Warnings, 0 Critical Warnings and 0 Errors encountered.
synth_design completed successfully
synth_design: Time (s): cpu = 00:00:25 ; elapsed = 00:00:23 . Memory (MB): peak = 2234.266 ; gain = 888.371 ; free physical = 845 ; free virtual = 12637
INFO: [Common 17-2834] synth_design peak Physical Memory [PSS] (MB): overall = 1671.578; main = 1352.128; forked = 337.254
INFO: [Common 17-2834] synth_design peak Virtual Memory [VSS] (MB): overall = 3196.301; main = 2202.254; forked = 994.047
INFO: [Common 17-1381] The checkpoint '/home/cristian/Documents/ACES/RC/assignment-1/assignment-1.runs/uart_rx_design_led_ctrl_0_0_synth_1/uart_rx_design_led_ctrl_0_0.dcp' has been generated.
INFO: [Coretcl 2-1648] Added synthesis output to IP cache for IP uart_rx_design_led_ctrl_0_0, cache-ID = 4de870c86c1d6fd7
INFO: [Common 17-1381] The checkpoint '/home/cristian/Documents/ACES/RC/assignment-1/assignment-1.runs/uart_rx_design_led_ctrl_0_0_synth_1/uart_rx_design_led_ctrl_0_0.dcp' has been generated.
INFO: [runtcl-4] Executing : report_utilization -file uart_rx_design_led_ctrl_0_0_utilization_synth.rpt -pb uart_rx_design_led_ctrl_0_0_utilization_synth.pb
INFO: [Common 17-206] Exiting Vivado at Fri Mar 15 11:15:49 2024...
