/home/cristian/Documents/ACES/RC/assignment-3/vitis/image_linear_contrast/solution/csynth.tcl:16:9: warning: HLS pragma dump _XLX_SEP_ PragmaIsValid=1_XLX_SEP_ PragmaType=top_XLX_SEP_ PragmaContext=directive_XLX_SEP_ PragmaFunction=LinearContrastStretching_XLX_SEP_ PragmaOptions=name=LinearContrastStretching_XLX_SEP_ [-Wdump-hls-pragmas]
#pragma HLSDIRECTIVE TOP name=LinearContrastStretching
        ^
image_linear_contrast/solution/code/LinearContrastStretching.cpp:14:9: warning: HLS pragma dump _XLX_SEP_ PragmaIsValid=1_XLX_SEP_ PragmaType=interface_XLX_SEP_ PragmaContext=_XLX_SEP_ PragmaFunction=LinearContrastStretching_XLX_SEP_ PragmaOptions=mode = m_axi port = image_out bundle = image_out offset = slave_XLX_SEP_ [-Wdump-hls-pragmas]
#pragma HLS INTERFACE mode = m_axi port = image_out bundle = image_out offset = slave
        ^
image_linear_contrast/solution/code/LinearContrastStretching.cpp:15:9: warning: HLS pragma dump _XLX_SEP_ PragmaIsValid=1_XLX_SEP_ PragmaType=interface_XLX_SEP_ PragmaContext=_XLX_SEP_ PragmaFunction=LinearContrastStretching_XLX_SEP_ PragmaOptions=mode = m_axi port = image_in bundle = image_in offset = slave_XLX_SEP_ [-Wdump-hls-pragmas]
#pragma HLS INTERFACE mode = m_axi port = image_in bundle = image_in offset = slave
        ^
image_linear_contrast/solution/code/LinearContrastStretching.cpp:16:9: warning: HLS pragma dump _XLX_SEP_ PragmaIsValid=1_XLX_SEP_ PragmaType=interface_XLX_SEP_ PragmaContext=_XLX_SEP_ PragmaFunction=LinearContrastStretching_XLX_SEP_ PragmaOptions=mode = s_axilite port = image_length_XLX_SEP_ [-Wdump-hls-pragmas]
#pragma HLS INTERFACE mode = s_axilite port = image_length
        ^
image_linear_contrast/solution/code/LinearContrastStretching.cpp:17:9: warning: HLS pragma dump _XLX_SEP_ PragmaIsValid=1_XLX_SEP_ PragmaType=interface_XLX_SEP_ PragmaContext=_XLX_SEP_ PragmaFunction=LinearContrastStretching_XLX_SEP_ PragmaOptions=mode = s_axilite port = low_threshold_XLX_SEP_ [-Wdump-hls-pragmas]
#pragma HLS INTERFACE mode = s_axilite port = low_threshold
        ^
image_linear_contrast/solution/code/LinearContrastStretching.cpp:18:9: warning: HLS pragma dump _XLX_SEP_ PragmaIsValid=1_XLX_SEP_ PragmaType=interface_XLX_SEP_ PragmaContext=_XLX_SEP_ PragmaFunction=LinearContrastStretching_XLX_SEP_ PragmaOptions=mode = s_axilite port = high_threshold_XLX_SEP_ [-Wdump-hls-pragmas]
#pragma HLS INTERFACE mode = s_axilite port = high_threshold
        ^
image_linear_contrast/solution/code/LinearContrastStretching.cpp:19:9: warning: HLS pragma dump _XLX_SEP_ PragmaIsValid=1_XLX_SEP_ PragmaType=interface_XLX_SEP_ PragmaContext=_XLX_SEP_ PragmaFunction=LinearContrastStretching_XLX_SEP_ PragmaOptions=mode = s_axilite port = low_new_threshold_XLX_SEP_ [-Wdump-hls-pragmas]
#pragma HLS INTERFACE mode = s_axilite port = low_new_threshold
        ^
image_linear_contrast/solution/code/LinearContrastStretching.cpp:20:9: warning: HLS pragma dump _XLX_SEP_ PragmaIsValid=1_XLX_SEP_ PragmaType=interface_XLX_SEP_ PragmaContext=_XLX_SEP_ PragmaFunction=LinearContrastStretching_XLX_SEP_ PragmaOptions=mode = s_axilite port = high_new_threshold_XLX_SEP_ [-Wdump-hls-pragmas]
#pragma HLS INTERFACE mode = s_axilite port = high_new_threshold
        ^
image_linear_contrast/solution/code/LinearContrastStretching.cpp:21:9: warning: HLS pragma dump _XLX_SEP_ PragmaIsValid=1_XLX_SEP_ PragmaType=interface_XLX_SEP_ PragmaContext=_XLX_SEP_ PragmaFunction=LinearContrastStretching_XLX_SEP_ PragmaOptions=mode = s_axilite port = max_value_XLX_SEP_ [-Wdump-hls-pragmas]
#pragma HLS INTERFACE mode = s_axilite port = max_value
        ^
image_linear_contrast/solution/code/LinearContrastStretching.cpp:22:9: warning: HLS pragma dump _XLX_SEP_ PragmaIsValid=1_XLX_SEP_ PragmaType=interface_XLX_SEP_ PragmaContext=_XLX_SEP_ PragmaFunction=LinearContrastStretching_XLX_SEP_ PragmaOptions=mode = s_axilite port = return_XLX_SEP_ [-Wdump-hls-pragmas]
#pragma HLS INTERFACE mode = s_axilite port = return
        ^
image_linear_contrast/solution/code/LinearContrastStretching.cpp:26:9: warning: HLS pragma dump _XLX_SEP_ PragmaIsValid=1_XLX_SEP_ PragmaType=unroll_XLX_SEP_ PragmaContext=_XLX_SEP_ PragmaFunction=LinearContrastStretching_XLX_SEP_ PragmaOptions=factor = 2 skip_exit_check_XLX_SEP_ [-Wdump-hls-pragmas]
#pragma HLS UNROLL factor = 2 skip_exit_check
        ^
11 warnings generated.
