Copyright 1986-2022 Xilinx, Inc. All Rights Reserved. Copyright 2022-2023 Advanced Micro Devices, Inc. All Rights Reserved.
---------------------------------------------------------------------------------------------------------------------------------------------
| Tool Version : Vivado v.2023.1.1 (lin64) Build 3900603 Fri Jun 16 19:30:25 MDT 2023
| Date         : Wed Mar 27 19:15:22 2024
| Host         : Hephaestion running 64-bit Ubuntu 23.10
| Command      : report_control_sets -verbose -file system_with_simple_alu_wrapper_control_sets_placed.rpt
| Design       : system_with_simple_alu_wrapper
| Device       : xc7z020
---------------------------------------------------------------------------------------------------------------------------------------------

Control Set Information

Table of Contents
-----------------
1. Summary
2. Histogram
3. Flip-Flop Distribution
4. Detailed Control Set Information

1. Summary
----------

+----------------------------------------------------------+-------+
|                          Status                          | Count |
+----------------------------------------------------------+-------+
| Total control sets                                       |    52 |
|    Minimum number of control sets                        |    52 |
|    Addition due to synthesis replication                 |     0 |
|    Addition due to physical synthesis replication        |     0 |
| Unused register locations in slices containing registers |    88 |
+----------------------------------------------------------+-------+
* Control sets can be merged at opt_design using control_set_merge or merge_equivalent_drivers
** Run report_qor_suggestions for automated merging and remapping suggestions


2. Histogram
------------

+--------------------+-------+
|       Fanout       | Count |
+--------------------+-------+
| Total control sets |    52 |
| >= 0 to < 4        |     3 |
| >= 4 to < 6        |     6 |
| >= 6 to < 8        |     1 |
| >= 8 to < 10       |    25 |
| >= 10 to < 12      |     1 |
| >= 12 to < 14      |     2 |
| >= 14 to < 16      |     2 |
| >= 16              |    12 |
+--------------------+-------+
* Control sets can be remapped at either synth_design or opt_design


3. Flip-Flop Distribution
-------------------------

+--------------+-----------------------+------------------------+-----------------+--------------+
| Clock Enable | Synchronous Set/Reset | Asynchronous Set/Reset | Total Registers | Total Slices |
+--------------+-----------------------+------------------------+-----------------+--------------+
| No           | No                    | No                     |             110 |           44 |
| No           | No                    | Yes                    |               0 |            0 |
| No           | Yes                   | No                     |              34 |           14 |
| Yes          | No                    | No                     |             299 |           78 |
| Yes          | No                    | Yes                    |               0 |            0 |
| Yes          | Yes                   | No                     |             221 |           88 |
+--------------+-----------------------+------------------------+-----------------+--------------+


4. Detailed Control Set Information
-----------------------------------

+-----------------------------------------------------------------------------------+------------------------------------------------------------------------------------------------------------------------------------------------------------------------------+---------------------------------------------------------------------------------------------------------------------------------------------------------------------+------------------+----------------+--------------+
|                                    Clock Signal                                   |                                                                                 Enable Signal                                                                                |                                                                           Set/Reset Signal                                                                          | Slice Load Count | Bel Load Count | Bels / Slice |
+-----------------------------------------------------------------------------------+------------------------------------------------------------------------------------------------------------------------------------------------------------------------------+---------------------------------------------------------------------------------------------------------------------------------------------------------------------+------------------+----------------+--------------+
|  system_with_simple_alu_i/simple_alu/inst/simple_alu_v0_1_0_S_AXI_inst/p_0_out[0] |                                                                                                                                                                              |                                                                                                                                                                     |                1 |              1 |         1.00 |
|  system_with_simple_alu_i/processing_system7_0/inst/FCLK_CLK0                     | system_with_simple_alu_i/ps7_0_axi_periph/s00_couplers/auto_pc/inst/gen_axilite.gen_b2s_conv.axilite_b2s/WR.aw_channel_0/aw_cmd_fsm_0/FSM_sequential_state_reg[0]_1          | system_with_simple_alu_i/ps7_0_axi_periph/s00_couplers/auto_pc/inst/gen_axilite.gen_b2s_conv.axilite_b2s/WR.aw_channel_0/aw_cmd_fsm_0/FSM_sequential_state_reg[0]_0 |                1 |              1 |         1.00 |
|  system_with_simple_alu_i/processing_system7_0/inst/FCLK_CLK0                     | system_with_simple_alu_i/ps7_0_axi_periph/s00_couplers/auto_pc/inst/gen_axilite.gen_b2s_conv.axilite_b2s/WR.b_channel_0/bid_fifo_0/sel                                       |                                                                                                                                                                     |                1 |              2 |         2.00 |
|  system_with_simple_alu_i/processing_system7_0/inst/FCLK_CLK0                     |                                                                                                                                                                              | system_with_simple_alu_i/ps7_0_axi_periph/s00_couplers/auto_pc/inst/gen_axilite.gen_b2s_conv.axilite_b2s/SI_REG/ar.ar_pipe/aresetn_d_reg[1]_inv_0                   |                2 |              4 |         2.00 |
|  system_with_simple_alu_i/processing_system7_0/inst/FCLK_CLK0                     |                                                                                                                                                                              | system_with_simple_alu_i/ps7_0_axi_periph/s00_couplers/auto_pc/inst/gen_axilite.gen_b2s_conv.axilite_b2s/SI_REG/aw.aw_pipe/aresetn_d_reg[0]_0                       |                2 |              4 |         2.00 |
|  system_with_simple_alu_i/processing_system7_0/inst/FCLK_CLK0                     |                                                                                                                                                                              | system_with_simple_alu_i/rst_ps7_0_100M/U0/EXT_LPF/lpf_int                                                                                                          |                2 |              4 |         2.00 |
|  system_with_simple_alu_i/processing_system7_0/inst/FCLK_CLK0                     | system_with_simple_alu_i/ps7_0_axi_periph/s00_couplers/auto_pc/inst/gen_axilite.gen_b2s_conv.axilite_b2s/RD.ar_channel_0/ar_cmd_fsm_0/m_axi_arready_2                        | system_with_simple_alu_i/ps7_0_axi_periph/s00_couplers/auto_pc/inst/gen_axilite.gen_b2s_conv.axilite_b2s/RD.ar_channel_0/ar_cmd_fsm_0/FSM_sequential_state_reg[1]_0 |                1 |              4 |         4.00 |
|  system_with_simple_alu_i/processing_system7_0/inst/FCLK_CLK0                     | system_with_simple_alu_i/ps7_0_axi_periph/s00_couplers/auto_pc/inst/gen_axilite.gen_b2s_conv.axilite_b2s/RD.r_channel_0/transaction_fifo_0/cnt_read[4]_i_1_n_0               | system_with_simple_alu_i/ps7_0_axi_periph/s00_couplers/auto_pc/inst/gen_axilite.gen_b2s_conv.axilite_b2s/areset_d1                                                  |                2 |              5 |         2.50 |
|  system_with_simple_alu_i/processing_system7_0/inst/FCLK_CLK0                     | system_with_simple_alu_i/ps7_0_axi_periph/s00_couplers/auto_pc/inst/gen_axilite.gen_b2s_conv.axilite_b2s/RD.r_channel_0/rd_data_fifo_0/cnt_read[4]_i_1__0_n_0                | system_with_simple_alu_i/ps7_0_axi_periph/s00_couplers/auto_pc/inst/gen_axilite.gen_b2s_conv.axilite_b2s/areset_d1                                                  |                2 |              5 |         2.50 |
|  system_with_simple_alu_i/processing_system7_0/inst/FCLK_CLK0                     | system_with_simple_alu_i/rst_ps7_0_100M/U0/SEQ/seq_cnt_en                                                                                                                    | system_with_simple_alu_i/rst_ps7_0_100M/U0/SEQ/SEQ_COUNTER/clear                                                                                                    |                1 |              6 |         6.00 |
|  system_with_simple_alu_i/processing_system7_0/inst/FCLK_CLK0                     | system_with_simple_alu_i/simple_alu/inst/simple_alu_v0_1_0_S_AXI_inst/operand1[23]_i_1_n_0                                                                                   | system_with_simple_alu_i/simple_alu/inst/axi_awready_i_1_n_0                                                                                                        |                3 |              8 |         2.67 |
|  system_with_simple_alu_i/processing_system7_0/inst/FCLK_CLK0                     | system_with_simple_alu_i/simple_alu/inst/simple_alu_v0_1_0_S_AXI_inst/result[23]_i_1_n_0                                                                                     | system_with_simple_alu_i/simple_alu/inst/axi_awready_i_1_n_0                                                                                                        |                4 |              8 |         2.00 |
|  system_with_simple_alu_i/processing_system7_0/inst/FCLK_CLK0                     | system_with_simple_alu_i/ps7_0_axi_periph/s00_couplers/auto_pc/inst/gen_axilite.gen_b2s_conv.axilite_b2s/RD.ar_channel_0/ar_cmd_fsm_0/E[0]                                   |                                                                                                                                                                     |                4 |              8 |         2.00 |
|  system_with_simple_alu_i/processing_system7_0/inst/FCLK_CLK0                     | system_with_simple_alu_i/ps7_0_axi_periph/s00_couplers/auto_pc/inst/gen_axilite.gen_b2s_conv.axilite_b2s/RD.ar_channel_0/ar_cmd_fsm_0/sel_first_reg[0]                       |                                                                                                                                                                     |                1 |              8 |         8.00 |
|  system_with_simple_alu_i/processing_system7_0/inst/FCLK_CLK0                     | system_with_simple_alu_i/simple_alu/inst/simple_alu_v0_1_0_S_AXI_inst/flags[31]_i_1_n_0                                                                                      | system_with_simple_alu_i/simple_alu/inst/axi_awready_i_1_n_0                                                                                                        |                4 |              8 |         2.00 |
|  system_with_simple_alu_i/processing_system7_0/inst/FCLK_CLK0                     | system_with_simple_alu_i/simple_alu/inst/simple_alu_v0_1_0_S_AXI_inst/p_1_in__0[23]                                                                                          | system_with_simple_alu_i/simple_alu/inst/axi_awready_i_1_n_0                                                                                                        |                1 |              8 |         8.00 |
|  system_with_simple_alu_i/processing_system7_0/inst/FCLK_CLK0                     | system_with_simple_alu_i/ps7_0_axi_periph/s00_couplers/auto_pc/inst/gen_axilite.gen_b2s_conv.axilite_b2s/WR.b_channel_0/mhandshake_r                                         | system_with_simple_alu_i/ps7_0_axi_periph/s00_couplers/auto_pc/inst/gen_axilite.gen_b2s_conv.axilite_b2s/WR.b_channel_0/bid_fifo_0/SR[0]                            |                3 |              8 |         2.67 |
|  system_with_simple_alu_i/processing_system7_0/inst/FCLK_CLK0                     | system_with_simple_alu_i/simple_alu/inst/simple_alu_v0_1_0_S_AXI_inst/flags[23]_i_1_n_0                                                                                      | system_with_simple_alu_i/simple_alu/inst/axi_awready_i_1_n_0                                                                                                        |                3 |              8 |         2.67 |
|  system_with_simple_alu_i/processing_system7_0/inst/FCLK_CLK0                     | system_with_simple_alu_i/simple_alu/inst/simple_alu_v0_1_0_S_AXI_inst/flags[15]_i_1_n_0                                                                                      | system_with_simple_alu_i/simple_alu/inst/axi_awready_i_1_n_0                                                                                                        |                3 |              8 |         2.67 |
|  system_with_simple_alu_i/processing_system7_0/inst/FCLK_CLK0                     | system_with_simple_alu_i/simple_alu/inst/simple_alu_v0_1_0_S_AXI_inst/flags[7]_i_1_n_0                                                                                       | system_with_simple_alu_i/simple_alu/inst/axi_awready_i_1_n_0                                                                                                        |                4 |              8 |         2.00 |
|  system_with_simple_alu_i/processing_system7_0/inst/FCLK_CLK0                     | system_with_simple_alu_i/simple_alu/inst/simple_alu_v0_1_0_S_AXI_inst/instruction[23]_i_1_n_0                                                                                | system_with_simple_alu_i/simple_alu/inst/axi_awready_i_1_n_0                                                                                                        |                2 |              8 |         4.00 |
|  system_with_simple_alu_i/processing_system7_0/inst/FCLK_CLK0                     | system_with_simple_alu_i/simple_alu/inst/simple_alu_v0_1_0_S_AXI_inst/instruction[31]_i_1_n_0                                                                                | system_with_simple_alu_i/simple_alu/inst/axi_awready_i_1_n_0                                                                                                        |                2 |              8 |         4.00 |
|  system_with_simple_alu_i/processing_system7_0/inst/FCLK_CLK0                     | system_with_simple_alu_i/simple_alu/inst/simple_alu_v0_1_0_S_AXI_inst/instruction[15]_i_1_n_0                                                                                | system_with_simple_alu_i/simple_alu/inst/axi_awready_i_1_n_0                                                                                                        |                2 |              8 |         4.00 |
|  system_with_simple_alu_i/processing_system7_0/inst/FCLK_CLK0                     | system_with_simple_alu_i/simple_alu/inst/simple_alu_v0_1_0_S_AXI_inst/instruction[7]_i_1_n_0                                                                                 | system_with_simple_alu_i/simple_alu/inst/axi_awready_i_1_n_0                                                                                                        |                1 |              8 |         8.00 |
|  system_with_simple_alu_i/processing_system7_0/inst/FCLK_CLK0                     | system_with_simple_alu_i/simple_alu/inst/simple_alu_v0_1_0_S_AXI_inst/result[15]_i_1_n_0                                                                                     | system_with_simple_alu_i/simple_alu/inst/axi_awready_i_1_n_0                                                                                                        |                6 |              8 |         1.33 |
|  system_with_simple_alu_i/processing_system7_0/inst/FCLK_CLK0                     | system_with_simple_alu_i/ps7_0_axi_periph/s00_couplers/auto_pc/inst/gen_axilite.gen_b2s_conv.axilite_b2s/WR.aw_channel_0/cmd_translator_0/incr_cmd_0/axaddr_incr[11]_i_1_n_0 |                                                                                                                                                                     |                2 |              8 |         4.00 |
|  system_with_simple_alu_i/processing_system7_0/inst/FCLK_CLK0                     | system_with_simple_alu_i/simple_alu/inst/simple_alu_v0_1_0_S_AXI_inst/operand1[15]_i_1_n_0                                                                                   | system_with_simple_alu_i/simple_alu/inst/axi_awready_i_1_n_0                                                                                                        |                3 |              8 |         2.67 |
|  system_with_simple_alu_i/processing_system7_0/inst/FCLK_CLK0                     | system_with_simple_alu_i/ps7_0_axi_periph/s00_couplers/auto_pc/inst/gen_axilite.gen_b2s_conv.axilite_b2s/WR.aw_channel_0/aw_cmd_fsm_0/m_valid_i_reg[0]                       |                                                                                                                                                                     |                4 |              8 |         2.00 |
|  system_with_simple_alu_i/processing_system7_0/inst/FCLK_CLK0                     | system_with_simple_alu_i/simple_alu/inst/simple_alu_v0_1_0_S_AXI_inst/result[31]_i_1_n_0                                                                                     | system_with_simple_alu_i/simple_alu/inst/axi_awready_i_1_n_0                                                                                                        |                4 |              8 |         2.00 |
|  system_with_simple_alu_i/processing_system7_0/inst/FCLK_CLK0                     | system_with_simple_alu_i/simple_alu/inst/simple_alu_v0_1_0_S_AXI_inst/operand1[31]_i_1_n_0                                                                                   | system_with_simple_alu_i/simple_alu/inst/axi_awready_i_1_n_0                                                                                                        |                2 |              8 |         4.00 |
|  system_with_simple_alu_i/processing_system7_0/inst/FCLK_CLK0                     | system_with_simple_alu_i/simple_alu/inst/simple_alu_v0_1_0_S_AXI_inst/p_1_in__0[15]                                                                                          | system_with_simple_alu_i/simple_alu/inst/axi_awready_i_1_n_0                                                                                                        |                3 |              8 |         2.67 |
|  system_with_simple_alu_i/processing_system7_0/inst/FCLK_CLK0                     | system_with_simple_alu_i/simple_alu/inst/simple_alu_v0_1_0_S_AXI_inst/p_1_in__0[31]                                                                                          | system_with_simple_alu_i/simple_alu/inst/axi_awready_i_1_n_0                                                                                                        |                1 |              8 |         8.00 |
|  system_with_simple_alu_i/processing_system7_0/inst/FCLK_CLK0                     | system_with_simple_alu_i/simple_alu/inst/simple_alu_v0_1_0_S_AXI_inst/p_1_in__0[7]                                                                                           | system_with_simple_alu_i/simple_alu/inst/axi_awready_i_1_n_0                                                                                                        |                3 |              8 |         2.67 |
|  system_with_simple_alu_i/processing_system7_0/inst/FCLK_CLK0                     | system_with_simple_alu_i/simple_alu/inst/simple_alu_v0_1_0_S_AXI_inst/operand1[7]_i_1_n_0                                                                                    | system_with_simple_alu_i/simple_alu/inst/axi_awready_i_1_n_0                                                                                                        |                3 |              8 |         2.67 |
|  system_with_simple_alu_i/processing_system7_0/inst/FCLK_CLK0                     | system_with_simple_alu_i/simple_alu/inst/simple_alu_v0_1_0_S_AXI_inst/result[7]_i_1_n_0                                                                                      | system_with_simple_alu_i/simple_alu/inst/axi_awready_i_1_n_0                                                                                                        |                6 |              8 |         1.33 |
|  system_with_simple_alu_i/processing_system7_0/inst/FCLK_CLK0                     |                                                                                                                                                                              | system_with_simple_alu_i/ps7_0_axi_periph/s00_couplers/auto_pc/inst/gen_axilite.gen_b2s_conv.axilite_b2s/areset_d1                                                  |                4 |             10 |         2.50 |
|  system_with_simple_alu_i/processing_system7_0/inst/FCLK_CLK0                     |                                                                                                                                                                              | system_with_simple_alu_i/simple_alu/inst/axi_awready_i_1_n_0                                                                                                        |                4 |             12 |         3.00 |
|  system_with_simple_alu_i/processing_system7_0/inst/FCLK_CLK0                     | system_with_simple_alu_i/ps7_0_axi_periph/s00_couplers/auto_pc/inst/gen_axilite.gen_b2s_conv.axilite_b2s/RD.r_channel_0/r_push_r                                             |                                                                                                                                                                     |                4 |             13 |         3.25 |
|  system_with_simple_alu_i/processing_system7_0/inst/FCLK_CLK0                     | system_with_simple_alu_i/ps7_0_axi_periph/s00_couplers/auto_pc/inst/gen_axilite.gen_b2s_conv.axilite_b2s/SI_REG/b.b_pipe/s_ready_i_reg_0                                     |                                                                                                                                                                     |                2 |             14 |         7.00 |
|  system_with_simple_alu_i/processing_system7_0/inst/FCLK_CLK0                     | system_with_simple_alu_i/ps7_0_axi_periph/s00_couplers/auto_pc/inst/gen_axilite.gen_b2s_conv.axilite_b2s/SI_REG/b.b_pipe/p_1_in                                              |                                                                                                                                                                     |                2 |             14 |         7.00 |
|  system_with_simple_alu_i/processing_system7_0/inst/FCLK_CLK0                     | system_with_simple_alu_i/ps7_0_axi_periph/s00_couplers/auto_pc/inst/gen_axilite.gen_b2s_conv.axilite_b2s/WR.aw_channel_0/aw_cmd_fsm_0/m_axi_awready_0                        |                                                                                                                                                                     |                3 |             16 |         5.33 |
|  system_with_simple_alu_i/processing_system7_0/inst/FCLK_CLK0                     | system_with_simple_alu_i/ps7_0_axi_periph/s00_couplers/auto_pc/inst/gen_axilite.gen_b2s_conv.axilite_b2s/RD.ar_channel_0/ar_cmd_fsm_0/m_axi_arready_2                        |                                                                                                                                                                     |               10 |             17 |         1.70 |
|  system_with_simple_alu_i/processing_system7_0/inst/FCLK_CLK0                     | system_with_simple_alu_i/ps7_0_axi_periph/s00_couplers/auto_pc/inst/gen_axilite.gen_b2s_conv.axilite_b2s/WR.aw_channel_0/aw_cmd_fsm_0/FSM_sequential_state_reg[0]_1          |                                                                                                                                                                     |                8 |             20 |         2.50 |
|  system_with_simple_alu_i/processing_system7_0/inst/FCLK_CLK0                     | system_with_simple_alu_i/ps7_0_axi_periph/s00_couplers/auto_pc/inst/gen_axilite.gen_b2s_conv.axilite_b2s/WR.aw_channel_0/aw_cmd_fsm_0/E[0]                                   |                                                                                                                                                                     |                8 |             28 |         3.50 |
|  system_with_simple_alu_i/processing_system7_0/inst/FCLK_CLK0                     | system_with_simple_alu_i/ps7_0_axi_periph/s00_couplers/auto_pc/inst/gen_axilite.gen_b2s_conv.axilite_b2s/SI_REG/ar.ar_pipe/s_ready_i_reg_0                                   |                                                                                                                                                                     |                6 |             28 |         4.67 |
|  system_with_simple_alu_i/processing_system7_0/inst/FCLK_CLK0                     | system_with_simple_alu_i/ps7_0_axi_periph/s00_couplers/auto_pc/inst/gen_axilite.gen_b2s_conv.axilite_b2s/SI_REG/aw.aw_pipe/s_ready_i_reg_0                                   |                                                                                                                                                                     |                8 |             28 |         3.50 |
|  system_with_simple_alu_i/processing_system7_0/inst/FCLK_CLK0                     | system_with_simple_alu_i/ps7_0_axi_periph/s00_couplers/auto_pc/inst/gen_axilite.gen_b2s_conv.axilite_b2s/RD.ar_channel_0/ar_cmd_fsm_0/m_valid_i_reg[0]                       |                                                                                                                                                                     |                5 |             28 |         5.60 |
|  system_with_simple_alu_i/processing_system7_0/inst/FCLK_CLK0                     | system_with_simple_alu_i/ps7_0_axi_periph/s00_couplers/auto_pc/inst/gen_axilite.gen_b2s_conv.axilite_b2s/RD.r_channel_0/rd_data_fifo_0/wr_en0                                |                                                                                                                                                                     |                8 |             32 |         4.00 |
|  system_with_simple_alu_i/processing_system7_0/inst/FCLK_CLK0                     | system_with_simple_alu_i/simple_alu/inst/simple_alu_v0_1_0_S_AXI_inst/slv_reg_rden__0                                                                                        | system_with_simple_alu_i/simple_alu/inst/axi_awready_i_1_n_0                                                                                                        |               18 |             32 |         1.78 |
|  system_with_simple_alu_i/processing_system7_0/inst/FCLK_CLK0                     | system_with_simple_alu_i/ps7_0_axi_periph/s00_couplers/auto_pc/inst/gen_axilite.gen_b2s_conv.axilite_b2s/SI_REG/r.r_pipe/s_ready_i_reg_0                                     |                                                                                                                                                                     |                9 |             45 |         5.00 |
|  system_with_simple_alu_i/processing_system7_0/inst/FCLK_CLK0                     | system_with_simple_alu_i/ps7_0_axi_periph/s00_couplers/auto_pc/inst/gen_axilite.gen_b2s_conv.axilite_b2s/SI_REG/r.r_pipe/p_1_in                                              |                                                                                                                                                                     |                9 |             45 |         5.00 |
|  system_with_simple_alu_i/processing_system7_0/inst/FCLK_CLK0                     |                                                                                                                                                                              |                                                                                                                                                                     |               44 |            110 |         2.50 |
+-----------------------------------------------------------------------------------+------------------------------------------------------------------------------------------------------------------------------------------------------------------------------+---------------------------------------------------------------------------------------------------------------------------------------------------------------------+------------------+----------------+--------------+


