

================================================================
== Vitis HLS Report for 'LinearContrastStretching'
================================================================
* Date:           Thu Apr  4 15:41:53 2024

* Version:        2023.1.1 (Build 3869133 on Jun 15 2023)
* Project:        image_linear_contrast
* Solution:       solution (Vivado IP Flow Target)
* Product family: zynq
* Target device:  xc7z020-clg400-1


================================================================
== Performance Estimates
================================================================
+ Timing: 
    * Summary: 
    +--------+----------+----------+------------+
    |  Clock |  Target  | Estimated| Uncertainty|
    +--------+----------+----------+------------+
    |ap_clk  |  10.00 ns|  7.300 ns|     2.70 ns|
    +--------+----------+----------+------------+

+ Latency: 
    * Summary: 
    +---------+---------+----------+----------+-----+-----+---------+
    |  Latency (cycles) |  Latency (absolute) |  Interval | Pipeline|
    |   min   |   max   |    min   |    max   | min | max |   Type  |
    +---------+---------+----------+----------+-----+-----+---------+
    |        ?|        ?|         ?|         ?|    ?|    ?|       no|
    +---------+---------+----------+----------+-----+-----+---------+

    + Detail: 
        * Instance: 
        +--------------------------------------------------------------+---------------------------------------------------+---------+---------+----------+----------+-----+-----+---------+
        |                                                              |                                                   |  Latency (cycles) |  Latency (absolute) |  Interval | Pipeline|
        |                           Instance                           |                       Module                      |   min   |   max   |    min   |    max   | min | max |   Type  |
        +--------------------------------------------------------------+---------------------------------------------------+---------+---------+----------+----------+-----+-----+---------+
        |grp_LinearContrastStretching_Pipeline_VITIS_LOOP_24_1_fu_122  |LinearContrastStretching_Pipeline_VITIS_LOOP_24_1  |        ?|        ?|         ?|         ?|    ?|    ?|       no|
        +--------------------------------------------------------------+---------------------------------------------------+---------+---------+----------+----------+-----+-----+---------+

        * Loop: 
        N/A



================================================================
== Utilization Estimates
================================================================
* Summary: 
+-----------------+---------+-----+--------+-------+-----+
|       Name      | BRAM_18K| DSP |   FF   |  LUT  | URAM|
+-----------------+---------+-----+--------+-------+-----+
|DSP              |        -|    -|       -|      -|    -|
|Expression       |        -|    -|       0|     56|    -|
|FIFO             |        -|    -|       -|      -|    -|
|Instance         |        4|    0|    7428|   6370|    -|
|Memory           |        -|    -|       -|      -|    -|
|Multiplexer      |        -|    -|       -|     59|    -|
|Register         |        -|    -|     167|      -|    -|
+-----------------+---------+-----+--------+-------+-----+
|Total            |        4|    0|    7595|   6485|    0|
+-----------------+---------+-----+--------+-------+-----+
|Available        |      280|  220|  106400|  53200|    0|
+-----------------+---------+-----+--------+-------+-----+
|Utilization (%)  |        1|    0|       7|     12|    0|
+-----------------+---------+-----+--------+-------+-----+

+ Detail: 
    * Instance: 
    +--------------------------------------------------------------+---------------------------------------------------+---------+----+------+------+-----+
    |                           Instance                           |                       Module                      | BRAM_18K| DSP|  FF  |  LUT | URAM|
    +--------------------------------------------------------------+---------------------------------------------------+---------+----+------+------+-----+
    |grp_LinearContrastStretching_Pipeline_VITIS_LOOP_24_1_fu_122  |LinearContrastStretching_Pipeline_VITIS_LOOP_24_1  |        0|   0|  5476|  4350|    0|
    |control_s_axi_U                                               |control_s_axi                                      |        0|   0|   220|   312|    0|
    |image_in_m_axi_U                                              |image_in_m_axi                                     |        2|   0|   866|   854|    0|
    |image_out_m_axi_U                                             |image_out_m_axi                                    |        2|   0|   866|   854|    0|
    +--------------------------------------------------------------+---------------------------------------------------+---------+----+------+------+-----+
    |Total                                                         |                                                   |        4|   0|  7428|  6370|    0|
    +--------------------------------------------------------------+---------------------------------------------------+---------+----+------+------+-----+

    * DSP: 
    N/A

    * Memory: 
    N/A

    * FIFO: 
    N/A

    * Expression: 
    +--------------------+----------+----+---+----+------------+------------+
    |    Variable Name   | Operation| DSP| FF| LUT| Bitwidth P0| Bitwidth P1|
    +--------------------+----------+----+---+----+------------+------------+
    |sub24_fu_176_p2     |         -|   0|  0|  14|           9|           9|
    |sub42_fu_183_p2     |         -|   0|  0|  14|           9|           9|
    |sub_ln34_fu_190_p2  |         -|   0|  0|  14|           9|           9|
    |sub_ln38_fu_197_p2  |         -|   0|  0|  14|           9|           9|
    +--------------------+----------+----+---+----+------------+------------+
    |Total               |          |   0|  0|  56|          36|          36|
    +--------------------+----------+----+---+----+------------+------------+

    * Multiplexer: 
    +-------------------+----+-----------+-----+-----------+
    |        Name       | LUT| Input Size| Bits| Total Bits|
    +-------------------+----+-----------+-----+-----------+
    |ap_NS_fsm          |  14|          3|    1|          3|
    |image_in_ARVALID   |   9|          2|    1|          2|
    |image_in_RREADY    |   9|          2|    1|          2|
    |image_out_AWVALID  |   9|          2|    1|          2|
    |image_out_BREADY   |   9|          2|    1|          2|
    |image_out_WVALID   |   9|          2|    1|          2|
    +-------------------+----+-----------+-----+-----------+
    |Total              |  59|         13|    6|         13|
    +-------------------+----+-----------+-----+-----------+

    * Register: 
    +---------------------------------------------------------------------------+----+----+-----+-----------+
    |                                    Name                                   | FF | LUT| Bits| Const Bits|
    +---------------------------------------------------------------------------+----+----+-----+-----------+
    |ap_CS_fsm                                                                  |   2|   0|    2|          0|
    |grp_LinearContrastStretching_Pipeline_VITIS_LOOP_24_1_fu_122_ap_start_reg  |   1|   0|    1|          0|
    |high_new_threshold_read_reg_204                                            |   8|   0|    8|          0|
    |high_threshold_read_reg_215                                                |   8|   0|    8|          0|
    |image_in_offset_read_reg_233                                               |  32|   0|   32|          0|
    |image_length_read_reg_228                                                  |  32|   0|   32|          0|
    |image_out_offset_read_reg_238                                              |  32|   0|   32|          0|
    |low_new_threshold_read_reg_209                                             |   8|   0|    8|          0|
    |low_threshold_read_reg_221                                                 |   8|   0|    8|          0|
    |sub24_reg_243                                                              |   9|   0|    9|          0|
    |sub42_reg_248                                                              |   9|   0|    9|          0|
    |sub_ln34_reg_253                                                           |   9|   0|    9|          0|
    |sub_ln38_reg_258                                                           |   9|   0|    9|          0|
    +---------------------------------------------------------------------------+----+----+-----+-----------+
    |Total                                                                      | 167|   0|  167|          0|
    +---------------------------------------------------------------------------+----+----+-----+-----------+



================================================================
== Interface
================================================================
* Summary: 
+--------------------------+-----+-----+------------+--------------------------+--------------+
|         RTL Ports        | Dir | Bits|  Protocol  |       Source Object      |    C Type    |
+--------------------------+-----+-----+------------+--------------------------+--------------+
|s_axi_control_AWVALID     |   in|    1|       s_axi|                   control|        scalar|
|s_axi_control_AWREADY     |  out|    1|       s_axi|                   control|        scalar|
|s_axi_control_AWADDR      |   in|    7|       s_axi|                   control|        scalar|
|s_axi_control_WVALID      |   in|    1|       s_axi|                   control|        scalar|
|s_axi_control_WREADY      |  out|    1|       s_axi|                   control|        scalar|
|s_axi_control_WDATA       |   in|   32|       s_axi|                   control|        scalar|
|s_axi_control_WSTRB       |   in|    4|       s_axi|                   control|        scalar|
|s_axi_control_ARVALID     |   in|    1|       s_axi|                   control|        scalar|
|s_axi_control_ARREADY     |  out|    1|       s_axi|                   control|        scalar|
|s_axi_control_ARADDR      |   in|    7|       s_axi|                   control|        scalar|
|s_axi_control_RVALID      |  out|    1|       s_axi|                   control|        scalar|
|s_axi_control_RREADY      |   in|    1|       s_axi|                   control|        scalar|
|s_axi_control_RDATA       |  out|   32|       s_axi|                   control|        scalar|
|s_axi_control_RRESP       |  out|    2|       s_axi|                   control|        scalar|
|s_axi_control_BVALID      |  out|    1|       s_axi|                   control|        scalar|
|s_axi_control_BREADY      |   in|    1|       s_axi|                   control|        scalar|
|s_axi_control_BRESP       |  out|    2|       s_axi|                   control|        scalar|
|ap_clk                    |   in|    1|  ap_ctrl_hs|  LinearContrastStretching|  return value|
|ap_rst_n                  |   in|    1|  ap_ctrl_hs|  LinearContrastStretching|  return value|
|interrupt                 |  out|    1|  ap_ctrl_hs|  LinearContrastStretching|  return value|
|m_axi_image_out_AWVALID   |  out|    1|       m_axi|                 image_out|       pointer|
|m_axi_image_out_AWREADY   |   in|    1|       m_axi|                 image_out|       pointer|
|m_axi_image_out_AWADDR    |  out|   32|       m_axi|                 image_out|       pointer|
|m_axi_image_out_AWID      |  out|    1|       m_axi|                 image_out|       pointer|
|m_axi_image_out_AWLEN     |  out|    8|       m_axi|                 image_out|       pointer|
|m_axi_image_out_AWSIZE    |  out|    3|       m_axi|                 image_out|       pointer|
|m_axi_image_out_AWBURST   |  out|    2|       m_axi|                 image_out|       pointer|
|m_axi_image_out_AWLOCK    |  out|    2|       m_axi|                 image_out|       pointer|
|m_axi_image_out_AWCACHE   |  out|    4|       m_axi|                 image_out|       pointer|
|m_axi_image_out_AWPROT    |  out|    3|       m_axi|                 image_out|       pointer|
|m_axi_image_out_AWQOS     |  out|    4|       m_axi|                 image_out|       pointer|
|m_axi_image_out_AWREGION  |  out|    4|       m_axi|                 image_out|       pointer|
|m_axi_image_out_AWUSER    |  out|    1|       m_axi|                 image_out|       pointer|
|m_axi_image_out_WVALID    |  out|    1|       m_axi|                 image_out|       pointer|
|m_axi_image_out_WREADY    |   in|    1|       m_axi|                 image_out|       pointer|
|m_axi_image_out_WDATA     |  out|   32|       m_axi|                 image_out|       pointer|
|m_axi_image_out_WSTRB     |  out|    4|       m_axi|                 image_out|       pointer|
|m_axi_image_out_WLAST     |  out|    1|       m_axi|                 image_out|       pointer|
|m_axi_image_out_WID       |  out|    1|       m_axi|                 image_out|       pointer|
|m_axi_image_out_WUSER     |  out|    1|       m_axi|                 image_out|       pointer|
|m_axi_image_out_ARVALID   |  out|    1|       m_axi|                 image_out|       pointer|
|m_axi_image_out_ARREADY   |   in|    1|       m_axi|                 image_out|       pointer|
|m_axi_image_out_ARADDR    |  out|   32|       m_axi|                 image_out|       pointer|
|m_axi_image_out_ARID      |  out|    1|       m_axi|                 image_out|       pointer|
|m_axi_image_out_ARLEN     |  out|    8|       m_axi|                 image_out|       pointer|
|m_axi_image_out_ARSIZE    |  out|    3|       m_axi|                 image_out|       pointer|
|m_axi_image_out_ARBURST   |  out|    2|       m_axi|                 image_out|       pointer|
|m_axi_image_out_ARLOCK    |  out|    2|       m_axi|                 image_out|       pointer|
|m_axi_image_out_ARCACHE   |  out|    4|       m_axi|                 image_out|       pointer|
|m_axi_image_out_ARPROT    |  out|    3|       m_axi|                 image_out|       pointer|
|m_axi_image_out_ARQOS     |  out|    4|       m_axi|                 image_out|       pointer|
|m_axi_image_out_ARREGION  |  out|    4|       m_axi|                 image_out|       pointer|
|m_axi_image_out_ARUSER    |  out|    1|       m_axi|                 image_out|       pointer|
|m_axi_image_out_RVALID    |   in|    1|       m_axi|                 image_out|       pointer|
|m_axi_image_out_RREADY    |  out|    1|       m_axi|                 image_out|       pointer|
|m_axi_image_out_RDATA     |   in|   32|       m_axi|                 image_out|       pointer|
|m_axi_image_out_RLAST     |   in|    1|       m_axi|                 image_out|       pointer|
|m_axi_image_out_RID       |   in|    1|       m_axi|                 image_out|       pointer|
|m_axi_image_out_RUSER     |   in|    1|       m_axi|                 image_out|       pointer|
|m_axi_image_out_RRESP     |   in|    2|       m_axi|                 image_out|       pointer|
|m_axi_image_out_BVALID    |   in|    1|       m_axi|                 image_out|       pointer|
|m_axi_image_out_BREADY    |  out|    1|       m_axi|                 image_out|       pointer|
|m_axi_image_out_BRESP     |   in|    2|       m_axi|                 image_out|       pointer|
|m_axi_image_out_BID       |   in|    1|       m_axi|                 image_out|       pointer|
|m_axi_image_out_BUSER     |   in|    1|       m_axi|                 image_out|       pointer|
|m_axi_image_in_AWVALID    |  out|    1|       m_axi|                  image_in|       pointer|
|m_axi_image_in_AWREADY    |   in|    1|       m_axi|                  image_in|       pointer|
|m_axi_image_in_AWADDR     |  out|   32|       m_axi|                  image_in|       pointer|
|m_axi_image_in_AWID       |  out|    1|       m_axi|                  image_in|       pointer|
|m_axi_image_in_AWLEN      |  out|    8|       m_axi|                  image_in|       pointer|
|m_axi_image_in_AWSIZE     |  out|    3|       m_axi|                  image_in|       pointer|
|m_axi_image_in_AWBURST    |  out|    2|       m_axi|                  image_in|       pointer|
|m_axi_image_in_AWLOCK     |  out|    2|       m_axi|                  image_in|       pointer|
|m_axi_image_in_AWCACHE    |  out|    4|       m_axi|                  image_in|       pointer|
|m_axi_image_in_AWPROT     |  out|    3|       m_axi|                  image_in|       pointer|
|m_axi_image_in_AWQOS      |  out|    4|       m_axi|                  image_in|       pointer|
|m_axi_image_in_AWREGION   |  out|    4|       m_axi|                  image_in|       pointer|
|m_axi_image_in_AWUSER     |  out|    1|       m_axi|                  image_in|       pointer|
|m_axi_image_in_WVALID     |  out|    1|       m_axi|                  image_in|       pointer|
|m_axi_image_in_WREADY     |   in|    1|       m_axi|                  image_in|       pointer|
|m_axi_image_in_WDATA      |  out|   32|       m_axi|                  image_in|       pointer|
|m_axi_image_in_WSTRB      |  out|    4|       m_axi|                  image_in|       pointer|
|m_axi_image_in_WLAST      |  out|    1|       m_axi|                  image_in|       pointer|
|m_axi_image_in_WID        |  out|    1|       m_axi|                  image_in|       pointer|
|m_axi_image_in_WUSER      |  out|    1|       m_axi|                  image_in|       pointer|
|m_axi_image_in_ARVALID    |  out|    1|       m_axi|                  image_in|       pointer|
|m_axi_image_in_ARREADY    |   in|    1|       m_axi|                  image_in|       pointer|
|m_axi_image_in_ARADDR     |  out|   32|       m_axi|                  image_in|       pointer|
|m_axi_image_in_ARID       |  out|    1|       m_axi|                  image_in|       pointer|
|m_axi_image_in_ARLEN      |  out|    8|       m_axi|                  image_in|       pointer|
|m_axi_image_in_ARSIZE     |  out|    3|       m_axi|                  image_in|       pointer|
|m_axi_image_in_ARBURST    |  out|    2|       m_axi|                  image_in|       pointer|
|m_axi_image_in_ARLOCK     |  out|    2|       m_axi|                  image_in|       pointer|
|m_axi_image_in_ARCACHE    |  out|    4|       m_axi|                  image_in|       pointer|
|m_axi_image_in_ARPROT     |  out|    3|       m_axi|                  image_in|       pointer|
|m_axi_image_in_ARQOS      |  out|    4|       m_axi|                  image_in|       pointer|
|m_axi_image_in_ARREGION   |  out|    4|       m_axi|                  image_in|       pointer|
|m_axi_image_in_ARUSER     |  out|    1|       m_axi|                  image_in|       pointer|
|m_axi_image_in_RVALID     |   in|    1|       m_axi|                  image_in|       pointer|
|m_axi_image_in_RREADY     |  out|    1|       m_axi|                  image_in|       pointer|
|m_axi_image_in_RDATA      |   in|   32|       m_axi|                  image_in|       pointer|
|m_axi_image_in_RLAST      |   in|    1|       m_axi|                  image_in|       pointer|
|m_axi_image_in_RID        |   in|    1|       m_axi|                  image_in|       pointer|
|m_axi_image_in_RUSER      |   in|    1|       m_axi|                  image_in|       pointer|
|m_axi_image_in_RRESP      |   in|    2|       m_axi|                  image_in|       pointer|
|m_axi_image_in_BVALID     |   in|    1|       m_axi|                  image_in|       pointer|
|m_axi_image_in_BREADY     |  out|    1|       m_axi|                  image_in|       pointer|
|m_axi_image_in_BRESP      |   in|    2|       m_axi|                  image_in|       pointer|
|m_axi_image_in_BID        |   in|    1|       m_axi|                  image_in|       pointer|
|m_axi_image_in_BUSER      |   in|    1|       m_axi|                  image_in|       pointer|
+--------------------------+-----+-----+------------+--------------------------+--------------+

